<?xml version="1.0" encoding="UTF-8"?>
<robot generator="Robot 6.0.2 (Python 3.11.2 on win32)" generated="20230510 15:16:42.719" rpa="false" schemaversion="3">
<suite id="s1" name="Automation" source="C:\Users\Purushotham-3186\PycharmProjects\Automation">
<suite id="s1-s1" name="Scripts" source="C:\Users\Purushotham-3186\PycharmProjects\Automation\scripts">
<suite id="s1-s1-s1" name="Sp-Release1" source="C:\Users\Purushotham-3186\PycharmProjects\Automation\scripts\sp-release1.robot">
<test id="s1-s1-s1-t1" name="Open SpRelease1" line="14">
<kw name="Open browser and maximize">
<kw name="Open Browser" library="Selenium2Library">
<arg>${url}</arg>
<arg>${browser}</arg>
<doc>Opens a new browser instance to the optional ``url``.</doc>
<msg timestamp="20230510 15:16:42.922" level="INFO">Opening browser 'chrome' to base url 'file:///C:/Users/Purushotham-3186/Desktop/UI%20Testing/sp-release1.html'.</msg>
<status status="PASS" starttime="20230510 15:16:42.921" endtime="20230510 15:16:44.123"/>
</kw>
<kw name="Set Selenium Implicit Wait" library="Selenium2Library">
<arg>17</arg>
<doc>Sets the implicit wait value used by Selenium.</doc>
<status status="PASS" starttime="20230510 15:16:44.124" endtime="20230510 15:16:44.125"/>
</kw>
<kw name="Maximize Browser Window" library="Selenium2Library">
<doc>Maximizes current browser window.</doc>
<status status="PASS" starttime="20230510 15:16:44.125" endtime="20230510 15:16:44.251"/>
</kw>
<status status="PASS" starttime="20230510 15:16:42.921" endtime="20230510 15:16:44.251"/>
</kw>
<kw name="Input Text" library="Selenium2Library">
<arg>xpath=//input[contains(@id,'fn') and @name='FirstName']</arg>
<arg>MahendraSingh</arg>
<doc>Types the given ``text`` into the text field identified by ``locator``.</doc>
<msg timestamp="20230510 15:16:44.252" level="INFO">Typing text 'MahendraSingh' into text field 'xpath=//input[contains(@id,'fn') and @name='FirstName']'.</msg>
<status status="PASS" starttime="20230510 15:16:44.251" endtime="20230510 15:16:44.386"/>
</kw>
<kw name="Input Text" library="Selenium2Library">
<arg>xpath=//input[contains(@id,'ln') and @name='LastName']</arg>
<arg>Dhoni</arg>
<doc>Types the given ``text`` into the text field identified by ``locator``.</doc>
<msg timestamp="20230510 15:16:44.387" level="INFO">Typing text 'Dhoni' into text field 'xpath=//input[contains(@id,'ln') and @name='LastName']'.</msg>
<status status="PASS" starttime="20230510 15:16:44.387" endtime="20230510 15:16:44.461"/>
</kw>
<kw name="Sleep" library="BuiltIn">
<arg>3</arg>
<doc>Pauses the test executed for the given time.</doc>
<msg timestamp="20230510 15:16:47.461" level="INFO">Slept 3 seconds</msg>
<status status="PASS" starttime="20230510 15:16:44.461" endtime="20230510 15:16:47.461"/>
</kw>
<kw name="Click Button" library="Selenium2Library">
<arg>//sp-tag[@id='testAuto']</arg>
<doc>Clicks the button identified by ``locator``.</doc>
<msg timestamp="20230510 15:16:47.462" level="INFO">Clicking button '//sp-tag[@id='testAuto']'.</msg>
<msg timestamp="20230510 15:16:47.663" level="INFO" html="true">&lt;/td&gt;&lt;/tr&gt;&lt;tr&gt;&lt;td colspan="3"&gt;&lt;a href="selenium-screenshot-3.png"&gt;&lt;img src="selenium-screenshot-3.png" width="800px"&gt;&lt;/a&gt;</msg>
<msg timestamp="20230510 15:16:47.663" level="FAIL">Button with locator '//sp-tag[@id='testAuto']' not found.</msg>
<status status="FAIL" starttime="20230510 15:16:47.462" endtime="20230510 15:16:47.665"/>
</kw>
<kw name="Sleep" library="BuiltIn">
<arg>10</arg>
<doc>Pauses the test executed for the given time.</doc>
<status status="NOT RUN" starttime="20230510 15:16:47.666" endtime="20230510 15:16:47.666"/>
</kw>
<status status="FAIL" starttime="20230510 15:16:42.920" endtime="20230510 15:16:47.666">Button with locator '//sp-tag[@id='testAuto']' not found.</status>
</test>
<status status="FAIL" starttime="20230510 15:16:42.743" endtime="20230510 15:16:47.668"/>
</suite>
<status status="FAIL" starttime="20230510 15:16:42.741" endtime="20230510 15:16:47.669"/>
</suite>
<status status="FAIL" starttime="20230510 15:16:42.722" endtime="20230510 15:16:47.670"/>
</suite>
<statistics>
<total>
<stat pass="0" fail="1" skip="0">All Tests</stat>
</total>
<tag>
</tag>
<suite>
<stat pass="0" fail="1" skip="0" id="s1" name="Automation">Automation</stat>
<stat pass="0" fail="1" skip="0" id="s1-s1" name="Scripts">Automation.Scripts</stat>
<stat pass="0" fail="1" skip="0" id="s1-s1-s1" name="Sp-Release1">Automation.Scripts.Sp-Release1</stat>
</suite>
</statistics>
<errors>
</errors>
</robot>
