<?xml version="1.0" encoding="UTF-8"?>
<robot generator="Robot 6.0.2 (Python 3.11.2 on win32)" generated="20230530 12:35:04.755" rpa="false" schemaversion="3">
<suite id="s1" name="Automation" source="C:\Users\Purushotham-3186\PycharmProjects\Automation">
<suite id="s1-s1" name="UI Automation Task 2" source="C:\Users\Purushotham-3186\PycharmProjects\Automation\UI Automation Task 2">
<suite id="s1-s1-s1" name="CheckFirst" source="C:\Users\Purushotham-3186\PycharmProjects\Automation\UI Automation Task 2\CheckFirst.robot">
<test id="s1-s1-s1-t1" name="Record Test Cases" line="10">
<kw name="Start Video Recording" library="ScreenCapLibrary">
<arg>alias=spreddy</arg>
<arg>name="automationrecording"</arg>
<arg>fps=6</arg>
<arg>size_percentage=1</arg>
<arg>embed=True</arg>
<arg>embed=100px</arg>
<arg>monitor=1</arg>
<doc>Starts the recording of a video in the background with the specified ``name``.
The recording can be stopped by calling the `Stop Video Recording` keyword.</doc>
<status status="PASS" starttime="20230530 12:35:05.174" endtime="20230530 12:35:05.175"/>
</kw>
<kw name="Open Browser" library="SeleniumLibrary">
<arg>${url}</arg>
<arg>${browser}</arg>
<doc>Opens a new browser instance to the optional ``url``.</doc>
<msg timestamp="20230530 12:35:05.176" level="INFO">Opening browser 'chrome' to base url 'https://login.yahoo.com/?.src=ym&amp;pspid=159600001&amp;activity=mail-direct&amp;.lang=en-IN&amp;.intl=in&amp;.done=https%3A%2F%2Fin.mail.yahoo.com%2Fd'.</msg>
<status status="PASS" starttime="20230530 12:35:05.175" endtime="20230530 12:35:08.698"/>
</kw>
<kw name="Maximize Browser Window" library="SeleniumLibrary">
<doc>Maximizes current browser window.</doc>
<status status="PASS" starttime="20230530 12:35:08.699" endtime="20230530 12:35:08.826"/>
</kw>
<kw name="Sleep" library="BuiltIn">
<arg>2s</arg>
<doc>Pauses the test executed for the given time.</doc>
<msg timestamp="20230530 12:35:10.827" level="INFO">Slept 2 seconds</msg>
<status status="PASS" starttime="20230530 12:35:08.827" endtime="20230530 12:35:10.827"/>
</kw>
<kw name="Input Text" library="SeleniumLibrary">
<arg>xpath=//*[@id="login-username"]</arg>
<arg>kalyanpavanteja35</arg>
<doc>Types the given ``text`` into the text field identified by ``locator``.</doc>
<msg timestamp="20230530 12:35:10.828" level="INFO">Typing text 'kalyanpavanteja35' into text field 'xpath=//*[@id="login-username"]'.</msg>
<status status="PASS" starttime="20230530 12:35:10.827" endtime="20230530 12:35:10.923"/>
</kw>
<kw name="Sleep" library="BuiltIn">
<arg>2s</arg>
<doc>Pauses the test executed for the given time.</doc>
<msg timestamp="20230530 12:35:12.925" level="INFO">Slept 2 seconds</msg>
<status status="PASS" starttime="20230530 12:35:10.924" endtime="20230530 12:35:12.925"/>
</kw>
<kw name="Stop Video Recording" library="ScreenCapLibrary">
<arg>alias=spreddy</arg>
<doc>Stops the video recording corresponding to the given ``alias`` and generates the file in WebM format. If no
``alias`` is specified, the last opened recording will be closed. If there are more recordings with the same
alias all of them will be closed. If ``embed`` argument was set to
``True`` the video will be displayed in the log file.
Furthermore, if the ``save_to_disk`` parameter is set to ``False``, the video will be embedded and available in
the log file only.</doc>
<msg timestamp="20230530 12:35:12.960" level="INFO" html="true">&lt;a href="%22automationrecording%22_1.webm"&gt;&lt;video width="800px" autoplay&gt;&lt;source src="%22automationrecording%22_1.webm" type="video/webm"&gt;&lt;/video&gt;&lt;/a&gt;</msg>
<status status="PASS" starttime="20230530 12:35:12.925" endtime="20230530 12:35:12.960"/>
</kw>
<status status="PASS" starttime="20230530 12:35:05.173" endtime="20230530 12:35:12.960"/>
</test>
<status status="PASS" starttime="20230530 12:35:04.781" endtime="20230530 12:35:12.961"/>
</suite>
<status status="PASS" starttime="20230530 12:35:04.779" endtime="20230530 12:35:12.962"/>
</suite>
<status status="PASS" starttime="20230530 12:35:04.760" endtime="20230530 12:35:12.963"/>
</suite>
<statistics>
<total>
<stat pass="1" fail="0" skip="0">All Tests</stat>
</total>
<tag>
</tag>
<suite>
<stat pass="1" fail="0" skip="0" id="s1" name="Automation">Automation</stat>
<stat pass="1" fail="0" skip="0" id="s1-s1" name="UI Automation Task 2">Automation.UI Automation Task 2</stat>
<stat pass="1" fail="0" skip="0" id="s1-s1-s1" name="CheckFirst">Automation.UI Automation Task 2.CheckFirst</stat>
</suite>
</statistics>
<errors>
<msg timestamp="20230530 12:35:04.653" level="ERROR">Error in file 'C:\Users\Purushotham-3186\PycharmProjects\Automation\UI Automation Task 2\Check.robot' on line 8: Setting 'Suite Setup' is allowed only once. Only the first value is used.</msg>
<msg timestamp="20230530 12:35:04.663" level="ERROR">Error in file 'C:\Users\Purushotham-3186\PycharmProjects\Automation\UI Automation Task 2\Checkck.robot' on line 8: Setting 'Suite Setup' is allowed only once. Only the first value is used.</msg>
<msg timestamp="20230530 12:35:04.677" level="ERROR">Error in file 'C:\Users\Purushotham-3186\PycharmProjects\Automation\UI Automation Task 2\DatePickerWorking.robot' on line 8: Setting 'Suite Setup' is allowed only once. Only the first value is used.</msg>
<msg timestamp="20230530 12:35:04.700" level="ERROR">Error in file 'C:\Users\Purushotham-3186\PycharmProjects\Automation\UI Automation Task 2\HR_OS_Automation_Task2.robot' on line 10: Setting 'Suite Setup' is allowed only once. Only the first value is used.</msg>
</errors>
</robot>
